2026-05-10 20:52:30,444 [INFO] Background token refresher started.
2026-05-10 20:52:30,445 [INFO] Auth Service running on http://127.0.0.1:8050
2026-05-10 20:52:30,527 [INFO] Token for account_1 is still valid.
2026-05-10 20:52:30,616 [INFO] Token for account_2 is still valid.
2026-05-10 20:52:30,697 [WARNING] Token for account_3 is invalid or expired.
2026-05-10 20:53:38,199 [INFO] Starting headless auto-login for account_3...
2026-05-10 20:54:21,917 [INFO] Received auth code for account_3
2026-05-10 20:54:22,043 [INFO] Token successfully updated for account_3
2026-05-10 20:56:52,569 [INFO] Graceful shutdown initiated...
2026-05-10 20:56:54,572 [INFO] Forcing exit...
2026-05-10 20:56:54,689 [INFO] Background token refresher started.
2026-05-10 20:56:54,690 [INFO] Auth Service running on http://127.0.0.1:8050
2026-05-10 20:56:54,783 [INFO] Token for account_1 is still valid.
2026-05-10 20:56:54,874 [INFO] Token for account_2 is still valid.
2026-05-10 20:56:54,954 [INFO] Token for account_3 is still valid.
2026-05-10 20:58:51,843 [INFO] Graceful shutdown initiated...
2026-05-10 20:58:53,845 [INFO] Forcing exit...
2026-05-10 20:58:53,972 [INFO] Background token refresher started.
2026-05-10 20:58:53,973 [INFO] Auth Service running on http://127.0.0.1:8050
2026-05-10 20:58:54,070 [INFO] Token for account_1 is still valid.
2026-05-10 20:58:54,152 [INFO] Token for account_2 is still valid.
2026-05-10 20:58:54,232 [INFO] Token for account_3 is still valid.
2026-05-10 21:00:15,059 [INFO] Starting headless auto-login for account_3...
2026-05-10 21:00:38,443 [INFO] Graceful shutdown initiated...
2026-05-10 21:00:40,446 [INFO] Forcing exit...
2026-05-10 21:00:40,562 [INFO] Background token refresher started.
2026-05-10 21:00:40,564 [INFO] Auth Service running on http://127.0.0.1:8050
2026-05-10 21:00:40,674 [INFO] Token for account_1 is still valid.
2026-05-10 21:00:40,768 [INFO] Token for account_2 is still valid.
2026-05-10 21:00:40,843 [WARNING] Token for account_3 is invalid or expired.
2026-05-10 21:01:01,403 [INFO] Starting headless auto-login for account_3...
2026-05-10 21:02:49,993 [INFO] Graceful shutdown initiated...
2026-05-10 21:02:51,996 [INFO] Forcing exit...
2026-05-10 21:02:52,115 [INFO] Background token refresher started.
2026-05-10 21:02:52,116 [INFO] Auth Service running on http://127.0.0.1:8050
2026-05-10 21:02:52,197 [INFO] Token for account_1 is still valid.
2026-05-10 21:02:52,289 [INFO] Token for account_2 is still valid.
2026-05-10 21:02:52,372 [WARNING] Token for account_3 is invalid or expired.
2026-05-10 21:08:46,268 [INFO] Graceful shutdown initiated...
2026-05-10 21:08:48,270 [INFO] Forcing exit...
2026-05-10 21:08:48,398 [INFO] Background token refresher started.
2026-05-10 21:08:48,398 [INFO] Auth Service running on http://127.0.0.1:8050
2026-05-10 21:08:48,487 [INFO] Token for account_1 is still valid.
2026-05-10 21:08:48,572 [INFO] Token for account_2 is still valid.
2026-05-10 21:08:48,655 [WARNING] Token for account_3 is invalid or expired.
2026-05-10 21:09:38,953 [INFO] Received auth code for account_3
2026-05-10 21:09:39,075 [INFO] Token successfully updated for account_3
2026-05-10 21:11:25,459 [INFO] Graceful shutdown initiated...
2026-05-10 21:11:27,462 [INFO] Forcing exit...
2026-05-10 21:11:27,586 [INFO] Background token refresher started.
2026-05-10 21:11:27,587 [INFO] Auth Service running on http://127.0.0.1:8050
2026-05-10 21:11:27,673 [INFO] Token for account_1 is still valid.
2026-05-10 21:11:27,753 [INFO] Token for account_2 is still valid.
2026-05-10 21:11:27,847 [INFO] Token for account_3 is still valid.
2026-05-10 21:40:15,493 [INFO] Received auth code for account_3
2026-05-10 21:40:15,626 [INFO] Token successfully updated for account_3
2026-05-10 21:40:38,223 [INFO] Graceful shutdown initiated...
2026-05-10 21:40:40,225 [INFO] Forcing exit...
2026-05-10 21:40:40,342 [INFO] Background token refresher started.
2026-05-10 21:40:40,342 [INFO] Auth Service running on http://127.0.0.1:8050
2026-05-10 21:40:40,434 [INFO] Token for account_1 is still valid.
2026-05-10 21:40:40,519 [INFO] Token for account_2 is still valid.
2026-05-10 21:40:40,612 [INFO] Token for account_3 is still valid.
2026-05-10 21:40:49,729 [INFO] Starting headless auto-login for account_3...
2026-05-10 21:41:16,533 [INFO] Starting headless auto-login for account_3...
2026-05-10 21:41:24,423 [INFO] Starting headless auto-login for account_3...
2026-05-10 21:41:37,443 [INFO] Starting headless auto-login for account_3...
2026-05-10 21:42:29,793 [INFO] Starting headless auto-login for account_3...
2026-05-10 21:44:31,834 [INFO] Starting headless auto-login for account_3...
2026-05-10 21:45:50,018 [INFO] Starting headless auto-login for account_3...
2026-05-10 21:47:27,084 [INFO] Graceful shutdown initiated...
2026-05-10 21:47:29,086 [INFO] Forcing exit...
2026-05-10 21:47:29,211 [INFO] Background token refresher started.
2026-05-10 21:47:29,212 [INFO] Auth Service running on http://127.0.0.1:8050
2026-05-10 21:47:29,302 [INFO] Token for account_1 is still valid.
2026-05-10 21:47:29,380 [INFO] Token for account_2 is still valid.
2026-05-10 21:47:29,456 [WARNING] Token for account_3 is invalid or expired.
2026-05-10 21:48:14,154 [INFO] Graceful shutdown initiated...
2026-05-10 21:48:16,156 [INFO] Forcing exit...
2026-05-10 21:48:16,279 [INFO] Background token refresher started.
2026-05-10 21:48:16,280 [INFO] Auth Service running on http://127.0.0.1:8050
2026-05-10 21:48:16,369 [INFO] Token for account_1 is still valid.
2026-05-10 21:48:16,462 [INFO] Token for account_2 is still valid.
2026-05-10 21:48:16,543 [WARNING] Token for account_3 is invalid or expired.
2026-05-10 21:49:07,608 [INFO] Starting headless auto-login for account_3...
2026-05-10 21:51:39,848 [INFO] Graceful shutdown initiated...
2026-05-10 21:51:41,850 [INFO] Forcing exit...
2026-05-10 21:51:41,966 [INFO] Background token refresher started.
2026-05-10 21:51:41,966 [INFO] Auth Service running on http://127.0.0.1:8050
2026-05-10 21:51:42,055 [INFO] Token for account_1 is still valid.
2026-05-10 21:51:42,136 [INFO] Token for account_2 is still valid.
2026-05-10 21:51:42,211 [WARNING] Token for account_3 is invalid or expired.
2026-05-10 21:52:21,259 [INFO] Starting headless auto-login for account_3...
2026-05-10 21:52:22,580 [INFO] Phone page detected. Entering phone number...
2026-05-10 21:52:22,679 [INFO] Waiting for OTP entry...
2026-05-10 21:52:33,538 [INFO] Starting headless auto-login for account_3...
2026-05-10 21:52:34,342 [INFO] Phone page detected. Entering phone number...
2026-05-10 21:52:34,433 [INFO] Waiting for OTP entry...
2026-05-10 21:53:03,862 [INFO] Starting headless auto-login for account_3...
2026-05-10 21:53:04,648 [INFO] Phone page detected. Entering phone number...
2026-05-10 21:53:04,731 [INFO] Waiting for OTP entry...
2026-05-10 21:56:18,073 [INFO] Starting headless auto-login for account_3...
2026-05-10 21:56:18,900 [INFO] Phone page detected. Entering phone number...
2026-05-10 21:56:18,990 [INFO] Waiting for OTP entry...
2026-05-10 21:56:26,643 [INFO] Starting headless auto-login for account_3...
2026-05-10 21:56:27,556 [INFO] Phone page detected. Entering phone number...
2026-05-10 21:56:27,658 [INFO] Waiting for OTP entry...
2026-05-10 21:57:22,683 [ERROR] Auto-login failed for account_3: Page.wait_for_selector: Timeout 300000ms exceeded.
Call log:
  - waiting for locator("input[type='password'], input#pinCode") to be visible

2026-05-10 21:57:34,436 [ERROR] Auto-login failed for account_3: Page.wait_for_selector: Timeout 300000ms exceeded.
Call log:
  - waiting for locator("input[type='password'], input#pinCode") to be visible

2026-05-10 21:58:04,734 [ERROR] Auto-login failed for account_3: Page.wait_for_selector: Timeout 300000ms exceeded.
Call log:
  - waiting for locator("input[type='password'], input#pinCode") to be visible

2026-05-10 21:58:32,618 [INFO] Graceful shutdown initiated...
2026-05-10 21:58:32,636 [ERROR] Auto-login failed for account_3: Page.wait_for_selector: Target page, context or browser has been closed
Call log:
  - waiting for locator("input[type='password'], input#pinCode") to be visible

2026-05-10 21:58:32,639 [ERROR] Auto-login failed for account_3: Page.wait_for_selector: Target page, context or browser has been closed
Call log:
  - waiting for locator("input[type='password'], input#pinCode") to be visible

2026-05-10 21:58:34,621 [INFO] Forcing exit...
2026-05-10 21:58:34,740 [INFO] Background token refresher started.
2026-05-10 21:58:34,741 [INFO] Auth Service running on http://127.0.0.1:8050
2026-05-10 21:58:34,826 [INFO] Token for account_1 is still valid.
2026-05-10 21:58:34,915 [INFO] Token for account_2 is still valid.
2026-05-10 21:58:34,990 [WARNING] Token for account_3 is invalid or expired.
2026-05-10 21:59:17,618 [INFO] Starting headless auto-login for account_3...
2026-05-10 21:59:18,584 [INFO] Phone page detected. Entering phone number...
2026-05-10 21:59:18,676 [INFO] Waiting for OTP entry...
2026-05-10 22:03:15,684 [INFO] Graceful shutdown initiated...
2026-05-10 22:03:15,692 [ERROR] Auto-login failed for account_3: Page.wait_for_selector: Target page, context or browser has been closed
Call log:
  - waiting for locator("input[type='password'], input#pinCode") to be visible

2026-05-10 22:03:17,687 [INFO] Forcing exit...
2026-05-10 22:03:17,806 [INFO] Background token refresher started.
2026-05-10 22:03:17,808 [INFO] Auth Service running on http://127.0.0.1:8050
2026-05-10 22:03:17,915 [INFO] Token for account_1 is still valid.
2026-05-10 22:03:18,009 [INFO] Token for account_2 is still valid.
2026-05-10 22:03:18,097 [WARNING] Token for account_3 is invalid or expired.
2026-05-10 22:07:59,333 [INFO] Received auth code for account_3
2026-05-10 22:07:59,470 [INFO] Token successfully updated for account_3
